Build started 18/10/2015 11:34:56 PM.
     1>Project "c:\Users\Kamui\documents\visual studio 2010\Projects\CS3201Itr2\CS3201Itr2\CS3201Itr2.vcxproj" on node 2 (build target(s)).
     1>InitializeBuildStatus:
         Creating "Debug\CS3201Itr2.unsuccessfulbuild" because "AlwaysCreate" was specified.
       ClCompile:
         c:\Program Files (x86)\Microsoft Visual Studio 10.0\VC\bin\CL.exe /c /ZI /nologo /W3 /WX- /Od /Oy- /D WIN32 /D _DEBUG /D _CONSOLE /D _UNICODE /D UNICODE /Gm /EHsc /RTC1 /MDd /GS /fp:precise /Zc:wchar_t /Zc:forScope /Yc"StdAfx.h" /Fp"Debug\CS3201Itr2.pch" /Fo"Debug\\" /Fd"Debug\vc100.pdb" /Gd /TP /analyze- /errorReport:prompt AST.cpp CS3201Itr2.cpp CallsTable.cpp ExpressionTable.cpp ExpressionTree.cpp ModifiesTable.cpp Node.cpp PKB.cpp ParamNode.cpp ParentsTable.cpp ProcedureTable.cpp QueryEvaluator.cpp QueryParser.cpp QueryPart.cpp SPA.cpp SimpleParser.cpp StatementTable.cpp Symbol.cpp SynonymValues.cpp Twin.cpp UsesTable.cpp VariableTable.cpp stdafx.cpp
         stdafx.cpp
         VariableTable.cpp
         UsesTable.cpp
     1>c:\program files (x86)\microsoft visual studio 10.0\vc\include\xstring(1588): warning C4503: 'std::vector<_Ty,_Ax>::erase' : decorated name length exceeded, name was truncated
                 with
                 [
                     _Ty=std::_List_iterator<std::_List_val<std::pair<const std::string,std::set<std::pair<std::string,std::string>>>,std::allocator<std::pair<const std::string,std::set<std::pair<std::string,std::string>>>>>>,
                     _Ax=std::allocator<std::_List_iterator<std::_List_val<std::pair<const std::string,std::set<std::pair<std::string,std::string>>>,std::allocator<std::pair<const std::string,std::set<std::pair<std::string,std::string>>>>>>>
                 ]
     1>c:\program files (x86)\microsoft visual studio 10.0\vc\include\xstring(1588): warning C4503: 'std::vector<_Ty,_Ax>::erase' : decorated name length exceeded, name was truncated
                 with
                 [
                     _Ty=std::_List_iterator<std::_List_val<std::pair<const SyntType,std::set<std::pair<std::string,std::string>>>,std::allocator<std::pair<const SyntType,std::set<std::pair<std::string,std::string>>>>>>,
                     _Ax=std::allocator<std::_List_iterator<std::_List_val<std::pair<const SyntType,std::set<std::pair<std::string,std::string>>>,std::allocator<std::pair<const SyntType,std::set<std::pair<std::string,std::string>>>>>>>
                 ]
     1>c:\program files (x86)\microsoft visual studio 10.0\vc\include\xstring(1588): warning C4503: 'std::vector<_Ty,_Ax>::_Make_iter' : decorated name length exceeded, name was truncated
                 with
                 [
                     _Ty=std::_List_iterator<std::_List_val<std::pair<const std::string,std::set<std::pair<std::string,std::string>>>,std::allocator<std::pair<const std::string,std::set<std::pair<std::string,std::string>>>>>>,
                     _Ax=std::allocator<std::_List_iterator<std::_List_val<std::pair<const std::string,std::set<std::pair<std::string,std::string>>>,std::allocator<std::pair<const std::string,std::set<std::pair<std::string,std::string>>>>>>>
                 ]
     1>c:\program files (x86)\microsoft visual studio 10.0\vc\include\xstring(1588): warning C4503: 'std::vector<_Ty,_Ax>::_Make_iter' : decorated name length exceeded, name was truncated
                 with
                 [
                     _Ty=std::_List_iterator<std::_List_val<std::pair<const SyntType,std::set<std::pair<std::string,std::string>>>,std::allocator<std::pair<const SyntType,std::set<std::pair<std::string,std::string>>>>>>,
                     _Ax=std::allocator<std::_List_iterator<std::_List_val<std::pair<const SyntType,std::set<std::pair<std::string,std::string>>>,std::allocator<std::pair<const SyntType,std::set<std::pair<std::string,std::string>>>>>>>
                 ]
         Twin.cpp
         SynonymValues.cpp
         Symbol.cpp
         StatementTable.cpp
         SimpleParser.cpp
         SPA.cpp
         QueryPart.cpp
         QueryParser.cpp
     1>c:\users\kamui\documents\visual studio 2010\projects\cs3201itr2\cs3201itr2\queryparser.cpp(51): warning C4129: '.' : unrecognized character escape sequence
     1>c:\users\kamui\documents\visual studio 2010\projects\cs3201itr2\cs3201itr2\queryparser.cpp(85): warning C4482: nonstandard extension used: enum 'SyntType' used in qualified name
     1>c:\users\kamui\documents\visual studio 2010\projects\cs3201itr2\cs3201itr2\queryparser.cpp(104): warning C4482: nonstandard extension used: enum 'SyntType' used in qualified name
     1>c:\users\kamui\documents\visual studio 2010\projects\cs3201itr2\cs3201itr2\queryparser.cpp(111): warning C4482: nonstandard extension used: enum 'SyntType' used in qualified name
     1>c:\users\kamui\documents\visual studio 2010\projects\cs3201itr2\cs3201itr2\queryparser.cpp(123): warning C4482: nonstandard extension used: enum 'QueryType' used in qualified name
     1>c:\users\kamui\documents\visual studio 2010\projects\cs3201itr2\cs3201itr2\queryparser.cpp(133): warning C4482: nonstandard extension used: enum 'QueryType' used in qualified name
     1>c:\users\kamui\documents\visual studio 2010\projects\cs3201itr2\cs3201itr2\queryparser.cpp(143): warning C4482: nonstandard extension used: enum 'QueryType' used in qualified name
     1>c:\users\kamui\documents\visual studio 2010\projects\cs3201itr2\cs3201itr2\queryparser.cpp(150): warning C4482: nonstandard extension used: enum 'QueryType' used in qualified name
     1>c:\users\kamui\documents\visual studio 2010\projects\cs3201itr2\cs3201itr2\queryparser.cpp(157): warning C4482: nonstandard extension used: enum 'QueryType' used in qualified name
     1>c:\users\kamui\documents\visual studio 2010\projects\cs3201itr2\cs3201itr2\queryparser.cpp(164): warning C4482: nonstandard extension used: enum 'QueryType' used in qualified name
     1>c:\users\kamui\documents\visual studio 2010\projects\cs3201itr2\cs3201itr2\queryparser.cpp(171): warning C4482: nonstandard extension used: enum 'QueryType' used in qualified name
     1>c:\users\kamui\documents\visual studio 2010\projects\cs3201itr2\cs3201itr2\queryparser.cpp(178): warning C4482: nonstandard extension used: enum 'QueryType' used in qualified name
     1>c:\users\kamui\documents\visual studio 2010\projects\cs3201itr2\cs3201itr2\queryparser.cpp(185): warning C4482: nonstandard extension used: enum 'QueryType' used in qualified name
     1>c:\users\kamui\documents\visual studio 2010\projects\cs3201itr2\cs3201itr2\queryparser.cpp(192): warning C4482: nonstandard extension used: enum 'QueryType' used in qualified name
     1>c:\users\kamui\documents\visual studio 2010\projects\cs3201itr2\cs3201itr2\queryparser.cpp(199): warning C4482: nonstandard extension used: enum 'QueryType' used in qualified name
     1>c:\users\kamui\documents\visual studio 2010\projects\cs3201itr2\cs3201itr2\queryparser.cpp(206): warning C4482: nonstandard extension used: enum 'QueryType' used in qualified name
     1>c:\users\kamui\documents\visual studio 2010\projects\cs3201itr2\cs3201itr2\queryparser.cpp(235): warning C4482: nonstandard extension used: enum 'SyntType' used in qualified name
     1>c:\users\kamui\documents\visual studio 2010\projects\cs3201itr2\cs3201itr2\queryparser.cpp(235): warning C4482: nonstandard extension used: enum 'SyntType' used in qualified name
     1>c:\users\kamui\documents\visual studio 2010\projects\cs3201itr2\cs3201itr2\queryparser.cpp(235): warning C4482: nonstandard extension used: enum 'SyntType' used in qualified name
     1>c:\users\kamui\documents\visual studio 2010\projects\cs3201itr2\cs3201itr2\queryparser.cpp(235): warning C4482: nonstandard extension used: enum 'SyntType' used in qualified name
     1>c:\users\kamui\documents\visual studio 2010\projects\cs3201itr2\cs3201itr2\queryparser.cpp(235): warning C4482: nonstandard extension used: enum 'SyntType' used in qualified name
     1>c:\users\kamui\documents\visual studio 2010\projects\cs3201itr2\cs3201itr2\queryparser.cpp(242): warning C4482: nonstandard extension used: enum 'AttrType' used in qualified name
     1>c:\users\kamui\documents\visual studio 2010\projects\cs3201itr2\cs3201itr2\queryparser.cpp(251): warning C4482: nonstandard extension used: enum 'SyntType' used in qualified name
     1>c:\users\kamui\documents\visual studio 2010\projects\cs3201itr2\cs3201itr2\queryparser.cpp(251): warning C4482: nonstandard extension used: enum 'SyntType' used in qualified name
     1>c:\users\kamui\documents\visual studio 2010\projects\cs3201itr2\cs3201itr2\queryparser.cpp(257): warning C4482: nonstandard extension used: enum 'AttrType' used in qualified name
     1>c:\users\kamui\documents\visual studio 2010\projects\cs3201itr2\cs3201itr2\queryparser.cpp(278): warning C4482: nonstandard extension used: enum 'SyntType' used in qualified name
     1>c:\users\kamui\documents\visual studio 2010\projects\cs3201itr2\cs3201itr2\queryparser.cpp(281): warning C4482: nonstandard extension used: enum 'AttrType' used in qualified name
     1>c:\users\kamui\documents\visual studio 2010\projects\cs3201itr2\cs3201itr2\queryparser.cpp(293): warning C4482: nonstandard extension used: enum 'AttrType' used in qualified name
     1>c:\users\kamui\documents\visual studio 2010\projects\cs3201itr2\cs3201itr2\queryparser.cpp(300): warning C4482: nonstandard extension used: enum 'AttrType' used in qualified name
     1>c:\users\kamui\documents\visual studio 2010\projects\cs3201itr2\cs3201itr2\queryparser.cpp(322): warning C4482: nonstandard extension used: enum 'SyntType' used in qualified name
     1>c:\users\kamui\documents\visual studio 2010\projects\cs3201itr2\cs3201itr2\queryparser.cpp(322): warning C4482: nonstandard extension used: enum 'SyntType' used in qualified name
     1>c:\users\kamui\documents\visual studio 2010\projects\cs3201itr2\cs3201itr2\queryparser.cpp(322): warning C4482: nonstandard extension used: enum 'SyntType' used in qualified name
     1>c:\users\kamui\documents\visual studio 2010\projects\cs3201itr2\cs3201itr2\queryparser.cpp(322): warning C4482: nonstandard extension used: enum 'SyntType' used in qualified name
     1>c:\users\kamui\documents\visual studio 2010\projects\cs3201itr2\cs3201itr2\queryparser.cpp(322): warning C4482: nonstandard extension used: enum 'SyntType' used in qualified name
     1>c:\users\kamui\documents\visual studio 2010\projects\cs3201itr2\cs3201itr2\queryparser.cpp(329): warning C4482: nonstandard extension used: enum 'AttrType' used in qualified name
     1>c:\users\kamui\documents\visual studio 2010\projects\cs3201itr2\cs3201itr2\queryparser.cpp(338): warning C4482: nonstandard extension used: enum 'SyntType' used in qualified name
     1>c:\users\kamui\documents\visual studio 2010\projects\cs3201itr2\cs3201itr2\queryparser.cpp(338): warning C4482: nonstandard extension used: enum 'SyntType' used in qualified name
     1>c:\users\kamui\documents\visual studio 2010\projects\cs3201itr2\cs3201itr2\queryparser.cpp(344): warning C4482: nonstandard extension used: enum 'AttrType' used in qualified name
     1>c:\users\kamui\documents\visual studio 2010\projects\cs3201itr2\cs3201itr2\queryparser.cpp(365): warning C4482: nonstandard extension used: enum 'SyntType' used in qualified name
     1>c:\users\kamui\documents\visual studio 2010\projects\cs3201itr2\cs3201itr2\queryparser.cpp(368): warning C4482: nonstandard extension used: enum 'AttrType' used in qualified name
     1>c:\users\kamui\documents\visual studio 2010\projects\cs3201itr2\cs3201itr2\queryparser.cpp(370): warning C4482: nonstandard extension used: enum 'SyntType' used in qualified name
     1>c:\users\kamui\documents\visual studio 2010\projects\cs3201itr2\cs3201itr2\queryparser.cpp(381): warning C4482: nonstandard extension used: enum 'AttrType' used in qualified name
     1>c:\users\kamui\documents\visual studio 2010\projects\cs3201itr2\cs3201itr2\queryparser.cpp(383): warning C4482: nonstandard extension used: enum 'SyntType' used in qualified name
     1>c:\users\kamui\documents\visual studio 2010\projects\cs3201itr2\cs3201itr2\queryparser.cpp(389): warning C4482: nonstandard extension used: enum 'AttrType' used in qualified name
     1>c:\users\kamui\documents\visual studio 2010\projects\cs3201itr2\cs3201itr2\queryparser.cpp(391): warning C4482: nonstandard extension used: enum 'SyntType' used in qualified name
     1>c:\users\kamui\documents\visual studio 2010\projects\cs3201itr2\cs3201itr2\queryparser.cpp(406): warning C4482: nonstandard extension used: enum 'QueryType' used in qualified name
     1>c:\users\kamui\documents\visual studio 2010\projects\cs3201itr2\cs3201itr2\queryparser.cpp(421): warning C4482: nonstandard extension used: enum 'SyntType' used in qualified name
     1>c:\users\kamui\documents\visual studio 2010\projects\cs3201itr2\cs3201itr2\queryparser.cpp(425): warning C4482: nonstandard extension used: enum 'SyntType' used in qualified name
     1>c:\users\kamui\documents\visual studio 2010\projects\cs3201itr2\cs3201itr2\queryparser.cpp(429): warning C4482: nonstandard extension used: enum 'SyntType' used in qualified name
     1>c:\users\kamui\documents\visual studio 2010\projects\cs3201itr2\cs3201itr2\queryparser.cpp(433): warning C4482: nonstandard extension used: enum 'SyntType' used in qualified name
     1>c:\users\kamui\documents\visual studio 2010\projects\cs3201itr2\cs3201itr2\queryparser.cpp(446): warning C4482: nonstandard extension used: enum 'SyntType' used in qualified name
     1>c:\users\kamui\documents\visual studio 2010\projects\cs3201itr2\cs3201itr2\queryparser.cpp(446): warning C4482: nonstandard extension used: enum 'SyntType' used in qualified name
     1>c:\users\kamui\documents\visual studio 2010\projects\cs3201itr2\cs3201itr2\queryparser.cpp(446): warning C4482: nonstandard extension used: enum 'SyntType' used in qualified name
     1>c:\users\kamui\documents\visual studio 2010\projects\cs3201itr2\cs3201itr2\queryparser.cpp(448): warning C4482: nonstandard extension used: enum 'AttrType' used in qualified name
     1>c:\users\kamui\documents\visual studio 2010\projects\cs3201itr2\cs3201itr2\queryparser.cpp(452): warning C4482: nonstandard extension used: enum 'AttrType' used in qualified name
     1>c:\users\kamui\documents\visual studio 2010\projects\cs3201itr2\cs3201itr2\queryparser.cpp(459): warning C4482: nonstandard extension used: enum 'QueryType' used in qualified name
     1>c:\users\kamui\documents\visual studio 2010\projects\cs3201itr2\cs3201itr2\queryparser.cpp(463): warning C4482: nonstandard extension used: enum 'QueryType' used in qualified name
     1>c:\users\kamui\documents\visual studio 2010\projects\cs3201itr2\cs3201itr2\queryparser.cpp(467): warning C4482: nonstandard extension used: enum 'QueryType' used in qualified name
     1>c:\users\kamui\documents\visual studio 2010\projects\cs3201itr2\cs3201itr2\queryparser.cpp(471): warning C4482: nonstandard extension used: enum 'QueryType' used in qualified name
     1>c:\users\kamui\documents\visual studio 2010\projects\cs3201itr2\cs3201itr2\queryparser.cpp(475): warning C4482: nonstandard extension used: enum 'QueryType' used in qualified name
     1>c:\users\kamui\documents\visual studio 2010\projects\cs3201itr2\cs3201itr2\queryparser.cpp(479): warning C4482: nonstandard extension used: enum 'QueryType' used in qualified name
     1>c:\users\kamui\documents\visual studio 2010\projects\cs3201itr2\cs3201itr2\queryparser.cpp(483): warning C4482: nonstandard extension used: enum 'QueryType' used in qualified name
     1>c:\users\kamui\documents\visual studio 2010\projects\cs3201itr2\cs3201itr2\queryparser.cpp(487): warning C4482: nonstandard extension used: enum 'QueryType' used in qualified name
     1>c:\users\kamui\documents\visual studio 2010\projects\cs3201itr2\cs3201itr2\queryparser.cpp(491): warning C4482: nonstandard extension used: enum 'QueryType' used in qualified name
     1>c:\users\kamui\documents\visual studio 2010\projects\cs3201itr2\cs3201itr2\queryparser.cpp(495): warning C4482: nonstandard extension used: enum 'QueryType' used in qualified name
     1>c:\users\kamui\documents\visual studio 2010\projects\cs3201itr2\cs3201itr2\queryparser.cpp(499): warning C4482: nonstandard extension used: enum 'QueryType' used in qualified name
     1>c:\users\kamui\documents\visual studio 2010\projects\cs3201itr2\cs3201itr2\queryparser.cpp(503): warning C4482: nonstandard extension used: enum 'QueryType' used in qualified name
     1>c:\users\kamui\documents\visual studio 2010\projects\cs3201itr2\cs3201itr2\queryparser.cpp(507): warning C4482: nonstandard extension used: enum 'QueryType' used in qualified name
     1>c:\users\kamui\documents\visual studio 2010\projects\cs3201itr2\cs3201itr2\queryparser.cpp(509): warning C4482: nonstandard extension used: enum 'QueryType' used in qualified name
     1>c:\users\kamui\documents\visual studio 2010\projects\cs3201itr2\cs3201itr2\queryparser.cpp(563): warning C4129: '.' : unrecognized character escape sequence
     1>c:\users\kamui\documents\visual studio 2010\projects\cs3201itr2\cs3201itr2\queryparser.cpp(563): warning C4129: '.' : unrecognized character escape sequence
     1>c:\users\kamui\documents\visual studio 2010\projects\cs3201itr2\cs3201itr2\queryparser.cpp(563): warning C4129: '.' : unrecognized character escape sequence
     1>c:\users\kamui\documents\visual studio 2010\projects\cs3201itr2\cs3201itr2\queryparser.cpp(563): warning C4129: '.' : unrecognized character escape sequence
     1>c:\users\kamui\documents\visual studio 2010\projects\cs3201itr2\cs3201itr2\queryparser.cpp(563): warning C4129: '.' : unrecognized character escape sequence
     1>c:\users\kamui\documents\visual studio 2010\projects\cs3201itr2\cs3201itr2\queryparser.cpp(563): warning C4129: '.' : unrecognized character escape sequence
     1>c:\users\kamui\documents\visual studio 2010\projects\cs3201itr2\cs3201itr2\queryparser.cpp(608): warning C4129: ',' : unrecognized character escape sequence
     1>c:\users\kamui\documents\visual studio 2010\projects\cs3201itr2\cs3201itr2\queryparser.cpp(608): warning C4129: ',' : unrecognized character escape sequence
     1>c:\users\kamui\documents\visual studio 2010\projects\cs3201itr2\cs3201itr2\queryparser.cpp(608): warning C4129: ',' : unrecognized character escape sequence
     1>c:\users\kamui\documents\visual studio 2010\projects\cs3201itr2\cs3201itr2\queryparser.cpp(640): warning C4482: nonstandard extension used: enum 'SyntType' used in qualified name
     1>c:\users\kamui\documents\visual studio 2010\projects\cs3201itr2\cs3201itr2\queryparser.cpp(640): warning C4482: nonstandard extension used: enum 'SyntType' used in qualified name
     1>c:\users\kamui\documents\visual studio 2010\projects\cs3201itr2\cs3201itr2\queryparser.cpp(640): warning C4482: nonstandard extension used: enum 'SyntType' used in qualified name
     1>c:\users\kamui\documents\visual studio 2010\projects\cs3201itr2\cs3201itr2\queryparser.cpp(644): warning C4482: nonstandard extension used: enum 'SyntType' used in qualified name
     1>c:\users\kamui\documents\visual studio 2010\projects\cs3201itr2\cs3201itr2\queryparser.cpp(716): warning C4482: nonstandard extension used: enum 'QueryType' used in qualified name
     1>c:\users\kamui\documents\visual studio 2010\projects\cs3201itr2\cs3201itr2\queryparser.cpp(754): warning C4482: nonstandard extension used: enum 'SyntType' used in qualified name
     1>c:\users\kamui\documents\visual studio 2010\projects\cs3201itr2\cs3201itr2\queryparser.cpp(781): warning C4482: nonstandard extension used: enum 'SyntType' used in qualified name
     1>c:\users\kamui\documents\visual studio 2010\projects\cs3201itr2\cs3201itr2\queryparser.cpp(792): warning C4129: ',' : unrecognized character escape sequence
     1>c:\users\kamui\documents\visual studio 2010\projects\cs3201itr2\cs3201itr2\queryparser.cpp(792): warning C4129: ',' : unrecognized character escape sequence
     1>c:\users\kamui\documents\visual studio 2010\projects\cs3201itr2\cs3201itr2\queryparser.cpp(792): warning C4129: ',' : unrecognized character escape sequence
     1>c:\users\kamui\documents\visual studio 2010\projects\cs3201itr2\cs3201itr2\queryparser.cpp(815): warning C4482: nonstandard extension used: enum 'QueryType' used in qualified name
     1>c:\users\kamui\documents\visual studio 2010\projects\cs3201itr2\cs3201itr2\queryparser.cpp(849): warning C4482: nonstandard extension used: enum 'SyntType' used in qualified name
     1>c:\users\kamui\documents\visual studio 2010\projects\cs3201itr2\cs3201itr2\queryparser.cpp(849): warning C4482: nonstandard extension used: enum 'SyntType' used in qualified name
     1>c:\users\kamui\documents\visual studio 2010\projects\cs3201itr2\cs3201itr2\queryparser.cpp(895): warning C4482: nonstandard extension used: enum 'SyntType' used in qualified name
     1>c:\users\kamui\documents\visual studio 2010\projects\cs3201itr2\cs3201itr2\queryparser.cpp(905): warning C4482: nonstandard extension used: enum 'SyntType' used in qualified name
     1>c:\users\kamui\documents\visual studio 2010\projects\cs3201itr2\cs3201itr2\queryparser.cpp(909): warning C4482: nonstandard extension used: enum 'SyntType' used in qualified name
     1>c:\users\kamui\documents\visual studio 2010\projects\cs3201itr2\cs3201itr2\queryparser.cpp(913): warning C4482: nonstandard extension used: enum 'SyntType' used in qualified name
     1>c:\users\kamui\documents\visual studio 2010\projects\cs3201itr2\cs3201itr2\queryparser.cpp(917): warning C4482: nonstandard extension used: enum 'SyntType' used in qualified name
     1>c:\users\kamui\documents\visual studio 2010\projects\cs3201itr2\cs3201itr2\queryparser.cpp(921): warning C4482: nonstandard extension used: enum 'SyntType' used in qualified name
     1>c:\users\kamui\documents\visual studio 2010\projects\cs3201itr2\cs3201itr2\queryparser.cpp(925): warning C4482: nonstandard extension used: enum 'SyntType' used in qualified name
     1>c:\users\kamui\documents\visual studio 2010\projects\cs3201itr2\cs3201itr2\queryparser.cpp(929): warning C4482: nonstandard extension used: enum 'SyntType' used in qualified name
     1>c:\users\kamui\documents\visual studio 2010\projects\cs3201itr2\cs3201itr2\queryparser.cpp(933): warning C4482: nonstandard extension used: enum 'SyntType' used in qualified name
     1>c:\users\kamui\documents\visual studio 2010\projects\cs3201itr2\cs3201itr2\queryparser.cpp(937): warning C4482: nonstandard extension used: enum 'SyntType' used in qualified name
     1>c:\users\kamui\documents\visual studio 2010\projects\cs3201itr2\cs3201itr2\queryparser.cpp(941): warning C4482: nonstandard extension used: enum 'SyntType' used in qualified name
         QueryEvaluator.cpp
         ProcedureTable.cpp
         ParentsTable.cpp
     1>c:\program files (x86)\microsoft visual studio 10.0\vc\include\xstring(1588): warning C4503: 'std::vector<_Ty,_Ax>::erase' : decorated name length exceeded, name was truncated
                 with
                 [
                     _Ty=std::_List_iterator<std::_List_val<std::pair<const std::string,std::set<std::pair<std::string,std::string>>>,std::allocator<std::pair<const std::string,std::set<std::pair<std::string,std::string>>>>>>,
                     _Ax=std::allocator<std::_List_iterator<std::_List_val<std::pair<const std::string,std::set<std::pair<std::string,std::string>>>,std::allocator<std::pair<const std::string,std::set<std::pair<std::string,std::string>>>>>>>
                 ]
     1>c:\program files (x86)\microsoft visual studio 10.0\vc\include\xstring(1588): warning C4503: 'std::vector<_Ty,_Ax>::erase' : decorated name length exceeded, name was truncated
                 with
                 [
                     _Ty=std::_List_iterator<std::_List_val<std::pair<const SyntType,std::set<std::pair<std::string,std::string>>>,std::allocator<std::pair<const SyntType,std::set<std::pair<std::string,std::string>>>>>>,
                     _Ax=std::allocator<std::_List_iterator<std::_List_val<std::pair<const SyntType,std::set<std::pair<std::string,std::string>>>,std::allocator<std::pair<const SyntType,std::set<std::pair<std::string,std::string>>>>>>>
                 ]
     1>c:\program files (x86)\microsoft visual studio 10.0\vc\include\xstring(1588): warning C4503: 'std::vector<_Ty,_Ax>::_Make_iter' : decorated name length exceeded, name was truncated
                 with
                 [
                     _Ty=std::_List_iterator<std::_List_val<std::pair<const std::string,std::set<std::pair<std::string,std::string>>>,std::allocator<std::pair<const std::string,std::set<std::pair<std::string,std::string>>>>>>,
                     _Ax=std::allocator<std::_List_iterator<std::_List_val<std::pair<const std::string,std::set<std::pair<std::string,std::string>>>,std::allocator<std::pair<const std::string,std::set<std::pair<std::string,std::string>>>>>>>
                 ]
     1>c:\program files (x86)\microsoft visual studio 10.0\vc\include\xstring(1588): warning C4503: 'std::vector<_Ty,_Ax>::_Make_iter' : decorated name length exceeded, name was truncated
                 with
                 [
                     _Ty=std::_List_iterator<std::_List_val<std::pair<const SyntType,std::set<std::pair<std::string,std::string>>>,std::allocator<std::pair<const SyntType,std::set<std::pair<std::string,std::string>>>>>>,
                     _Ax=std::allocator<std::_List_iterator<std::_List_val<std::pair<const SyntType,std::set<std::pair<std::string,std::string>>>,std::allocator<std::pair<const SyntType,std::set<std::pair<std::string,std::string>>>>>>>
                 ]
         ParamNode.cpp
         PKB.cpp
     1>c:\users\kamui\documents\visual studio 2010\projects\cs3201itr2\cs3201itr2\pkb.cpp(17): warning C4018: '<' : signed/unsigned mismatch
     1>c:\users\kamui\documents\visual studio 2010\projects\cs3201itr2\cs3201itr2\pkb.cpp(94): warning C4018: '<' : signed/unsigned mismatch
     1>c:\users\kamui\documents\visual studio 2010\projects\cs3201itr2\cs3201itr2\pkb.cpp(113): warning C4018: '<' : signed/unsigned mismatch
     1>c:\users\kamui\documents\visual studio 2010\projects\cs3201itr2\cs3201itr2\pkb.cpp(117): warning C4018: '<' : signed/unsigned mismatch
     1>c:\users\kamui\documents\visual studio 2010\projects\cs3201itr2\cs3201itr2\pkb.cpp(121): warning C4018: '<' : signed/unsigned mismatch
     1>c:\users\kamui\documents\visual studio 2010\projects\cs3201itr2\cs3201itr2\pkb.cpp(176): warning C4018: '<' : signed/unsigned mismatch
     1>c:\users\kamui\documents\visual studio 2010\projects\cs3201itr2\cs3201itr2\pkb.cpp(183): warning C4018: '<' : signed/unsigned mismatch
     1>c:\users\kamui\documents\visual studio 2010\projects\cs3201itr2\cs3201itr2\pkb.cpp(213): warning C4018: '<' : signed/unsigned mismatch
     1>c:\users\kamui\documents\visual studio 2010\projects\cs3201itr2\cs3201itr2\pkb.cpp(220): warning C4018: '<' : signed/unsigned mismatch
     1>c:\users\kamui\documents\visual studio 2010\projects\cs3201itr2\cs3201itr2\pkb.cpp(244): warning C4018: '<' : signed/unsigned mismatch
     1>c:\users\kamui\documents\visual studio 2010\projects\cs3201itr2\cs3201itr2\pkb.cpp(251): warning C4018: '<' : signed/unsigned mismatch
     1>c:\users\kamui\documents\visual studio 2010\projects\cs3201itr2\cs3201itr2\pkb.cpp(281): warning C4018: '<' : signed/unsigned mismatch
     1>c:\users\kamui\documents\visual studio 2010\projects\cs3201itr2\cs3201itr2\pkb.cpp(288): warning C4018: '<' : signed/unsigned mismatch
     1>c:\users\kamui\documents\visual studio 2010\projects\cs3201itr2\cs3201itr2\pkb.cpp(308): warning C4018: '<' : signed/unsigned mismatch
     1>c:\users\kamui\documents\visual studio 2010\projects\cs3201itr2\cs3201itr2\pkb.cpp(316): warning C4018: '<' : signed/unsigned mismatch
     1>c:\users\kamui\documents\visual studio 2010\projects\cs3201itr2\cs3201itr2\pkb.cpp(336): warning C4018: '<' : signed/unsigned mismatch
     1>c:\users\kamui\documents\visual studio 2010\projects\cs3201itr2\cs3201itr2\pkb.cpp(343): warning C4018: '<' : signed/unsigned mismatch
     1>c:\users\kamui\documents\visual studio 2010\projects\cs3201itr2\cs3201itr2\pkb.cpp(363): warning C4018: '<' : signed/unsigned mismatch
     1>c:\users\kamui\documents\visual studio 2010\projects\cs3201itr2\cs3201itr2\pkb.cpp(371): warning C4018: '<' : signed/unsigned mismatch
     1>c:\users\kamui\documents\visual studio 2010\projects\cs3201itr2\cs3201itr2\pkb.cpp(389): warning C4018: '<' : signed/unsigned mismatch
     1>c:\users\kamui\documents\visual studio 2010\projects\cs3201itr2\cs3201itr2\pkb.cpp(396): warning C4018: '<' : signed/unsigned mismatch
     1>c:\users\kamui\documents\visual studio 2010\projects\cs3201itr2\cs3201itr2\pkb.cpp(415): warning C4018: '<' : signed/unsigned mismatch
     1>c:\users\kamui\documents\visual studio 2010\projects\cs3201itr2\cs3201itr2\pkb.cpp(421): warning C4018: '<' : signed/unsigned mismatch
     1>c:\users\kamui\documents\visual studio 2010\projects\cs3201itr2\cs3201itr2\pkb.cpp(445): warning C4018: '<' : signed/unsigned mismatch
     1>c:\users\kamui\documents\visual studio 2010\projects\cs3201itr2\cs3201itr2\pkb.cpp(450): warning C4018: '<' : signed/unsigned mismatch
     1>c:\users\kamui\documents\visual studio 2010\projects\cs3201itr2\cs3201itr2\pkb.cpp(473): warning C4018: '<' : signed/unsigned mismatch
     1>c:\users\kamui\documents\visual studio 2010\projects\cs3201itr2\cs3201itr2\pkb.cpp(479): warning C4018: '<' : signed/unsigned mismatch
     1>c:\users\kamui\documents\visual studio 2010\projects\cs3201itr2\cs3201itr2\pkb.cpp(502): warning C4018: '<' : signed/unsigned mismatch
     1>c:\users\kamui\documents\visual studio 2010\projects\cs3201itr2\cs3201itr2\pkb.cpp(510): warning C4018: '<' : signed/unsigned mismatch
     1>c:\users\kamui\documents\visual studio 2010\projects\cs3201itr2\cs3201itr2\pkb.cpp(533): warning C4018: '<' : signed/unsigned mismatch
     1>c:\users\kamui\documents\visual studio 2010\projects\cs3201itr2\cs3201itr2\pkb.cpp(543): warning C4018: '<' : signed/unsigned mismatch
     1>c:\users\kamui\documents\visual studio 2010\projects\cs3201itr2\cs3201itr2\pkb.cpp(606): warning C4018: '<' : signed/unsigned mismatch
     1>c:\users\kamui\documents\visual studio 2010\projects\cs3201itr2\cs3201itr2\pkb.cpp(611): warning C4018: '<' : signed/unsigned mismatch
     1>c:\users\kamui\documents\visual studio 2010\projects\cs3201itr2\cs3201itr2\pkb.cpp(634): warning C4018: '<' : signed/unsigned mismatch
     1>c:\users\kamui\documents\visual studio 2010\projects\cs3201itr2\cs3201itr2\pkb.cpp(639): warning C4018: '<' : signed/unsigned mismatch
     1>c:\users\kamui\documents\visual studio 2010\projects\cs3201itr2\cs3201itr2\pkb.cpp(662): warning C4018: '<' : signed/unsigned mismatch
     1>c:\users\kamui\documents\visual studio 2010\projects\cs3201itr2\cs3201itr2\pkb.cpp(667): warning C4018: '<' : signed/unsigned mismatch
     1>c:\users\kamui\documents\visual studio 2010\projects\cs3201itr2\cs3201itr2\pkb.cpp(689): warning C4018: '<' : signed/unsigned mismatch
     1>c:\users\kamui\documents\visual studio 2010\projects\cs3201itr2\cs3201itr2\pkb.cpp(697): warning C4018: '<' : signed/unsigned mismatch
     1>c:\users\kamui\documents\visual studio 2010\projects\cs3201itr2\cs3201itr2\pkb.cpp(729): warning C4018: '<' : signed/unsigned mismatch
     1>c:\users\kamui\documents\visual studio 2010\projects\cs3201itr2\cs3201itr2\pkb.cpp(736): warning C4018: '<' : signed/unsigned mismatch
     1>c:\users\kamui\documents\visual studio 2010\projects\cs3201itr2\cs3201itr2\pkb.cpp(753): warning C4018: '<' : signed/unsigned mismatch
     1>c:\users\kamui\documents\visual studio 2010\projects\cs3201itr2\cs3201itr2\pkb.cpp(757): warning C4018: '<' : signed/unsigned mismatch
     1>c:\users\kamui\documents\visual studio 2010\projects\cs3201itr2\cs3201itr2\pkb.cpp(774): warning C4018: '<' : signed/unsigned mismatch
     1>c:\users\kamui\documents\visual studio 2010\projects\cs3201itr2\cs3201itr2\pkb.cpp(778): warning C4018: '<' : signed/unsigned mismatch
     1>c:\users\kamui\documents\visual studio 2010\projects\cs3201itr2\cs3201itr2\pkb.cpp(795): warning C4018: '<' : signed/unsigned mismatch
     1>c:\users\kamui\documents\visual studio 2010\projects\cs3201itr2\cs3201itr2\pkb.cpp(799): warning C4018: '<' : signed/unsigned mismatch
     1>c:\users\kamui\documents\visual studio 2010\projects\cs3201itr2\cs3201itr2\pkb.cpp(816): warning C4018: '<' : signed/unsigned mismatch
     1>c:\users\kamui\documents\visual studio 2010\projects\cs3201itr2\cs3201itr2\pkb.cpp(823): warning C4018: '<' : signed/unsigned mismatch
     1>c:\users\kamui\documents\visual studio 2010\projects\cs3201itr2\cs3201itr2\pkb.cpp(839): warning C4018: '<' : signed/unsigned mismatch
     1>c:\users\kamui\documents\visual studio 2010\projects\cs3201itr2\cs3201itr2\pkb.cpp(870): warning C4018: '<' : signed/unsigned mismatch
     1>c:\users\kamui\documents\visual studio 2010\projects\cs3201itr2\cs3201itr2\pkb.cpp(886): warning C4018: '<' : signed/unsigned mismatch
     1>c:\users\kamui\documents\visual studio 2010\projects\cs3201itr2\cs3201itr2\pkb.cpp(906): warning C4018: '<' : signed/unsigned mismatch
     1>c:\users\kamui\documents\visual studio 2010\projects\cs3201itr2\cs3201itr2\pkb.cpp(1093): warning C4018: '<' : signed/unsigned mismatch
     1>c:\users\kamui\documents\visual studio 2010\projects\cs3201itr2\cs3201itr2\pkb.cpp(1119): warning C4018: '<' : signed/unsigned mismatch
     1>c:\users\kamui\documents\visual studio 2010\projects\cs3201itr2\cs3201itr2\pkb.cpp(1146): warning C4018: '<' : signed/unsigned mismatch
     1>c:\users\kamui\documents\visual studio 2010\projects\cs3201itr2\cs3201itr2\pkb.cpp(1155): warning C4018: '<' : signed/unsigned mismatch
     1>c:\users\kamui\documents\visual studio 2010\projects\cs3201itr2\cs3201itr2\pkb.cpp(1160): warning C4018: '<' : signed/unsigned mismatch
     1>c:\users\kamui\documents\visual studio 2010\projects\cs3201itr2\cs3201itr2\pkb.cpp(1171): warning C4018: '<' : signed/unsigned mismatch
         Node.cpp
         ModifiesTable.cpp
     1>c:\program files (x86)\microsoft visual studio 10.0\vc\include\xstring(1588): warning C4503: 'std::vector<_Ty,_Ax>::erase' : decorated name length exceeded, name was truncated
                 with
                 [
                     _Ty=std::_List_iterator<std::_List_val<std::pair<const std::string,std::set<std::pair<std::string,std::string>>>,std::allocator<std::pair<const std::string,std::set<std::pair<std::string,std::string>>>>>>,
                     _Ax=std::allocator<std::_List_iterator<std::_List_val<std::pair<const std::string,std::set<std::pair<std::string,std::string>>>,std::allocator<std::pair<const std::string,std::set<std::pair<std::string,std::string>>>>>>>
                 ]
     1>c:\program files (x86)\microsoft visual studio 10.0\vc\include\xstring(1588): warning C4503: 'std::vector<_Ty,_Ax>::erase' : decorated name length exceeded, name was truncated
                 with
                 [
                     _Ty=std::_List_iterator<std::_List_val<std::pair<const SyntType,std::set<std::pair<std::string,std::string>>>,std::allocator<std::pair<const SyntType,std::set<std::pair<std::string,std::string>>>>>>,
                     _Ax=std::allocator<std::_List_iterator<std::_List_val<std::pair<const SyntType,std::set<std::pair<std::string,std::string>>>,std::allocator<std::pair<const SyntType,std::set<std::pair<std::string,std::string>>>>>>>
                 ]
     1>c:\program files (x86)\microsoft visual studio 10.0\vc\include\xstring(1588): warning C4503: 'std::vector<_Ty,_Ax>::_Make_iter' : decorated name length exceeded, name was truncated
                 with
                 [
                     _Ty=std::_List_iterator<std::_List_val<std::pair<const std::string,std::set<std::pair<std::string,std::string>>>,std::allocator<std::pair<const std::string,std::set<std::pair<std::string,std::string>>>>>>,
                     _Ax=std::allocator<std::_List_iterator<std::_List_val<std::pair<const std::string,std::set<std::pair<std::string,std::string>>>,std::allocator<std::pair<const std::string,std::set<std::pair<std::string,std::string>>>>>>>
                 ]
     1>c:\program files (x86)\microsoft visual studio 10.0\vc\include\xstring(1588): warning C4503: 'std::vector<_Ty,_Ax>::_Make_iter' : decorated name length exceeded, name was truncated
                 with
                 [
                     _Ty=std::_List_iterator<std::_List_val<std::pair<const SyntType,std::set<std::pair<std::string,std::string>>>,std::allocator<std::pair<const SyntType,std::set<std::pair<std::string,std::string>>>>>>,
                     _Ax=std::allocator<std::_List_iterator<std::_List_val<std::pair<const SyntType,std::set<std::pair<std::string,std::string>>>,std::allocator<std::pair<const SyntType,std::set<std::pair<std::string,std::string>>>>>>>
                 ]
         ExpressionTree.cpp
     1>c:\users\kamui\documents\visual studio 2010\projects\cs3201itr2\cs3201itr2\expressiontree.cpp(33): warning C4018: '<' : signed/unsigned mismatch
     1>c:\users\kamui\documents\visual studio 2010\projects\cs3201itr2\cs3201itr2\expressiontree.cpp(123): warning C4018: '<' : signed/unsigned mismatch
     1>c:\users\kamui\documents\visual studio 2010\projects\cs3201itr2\cs3201itr2\expressiontree.cpp(133): warning C4800: 'int' : forcing value to bool 'true' or 'false' (performance warning)
     1>c:\users\kamui\documents\visual studio 2010\projects\cs3201itr2\cs3201itr2\expressiontree.cpp(137): warning C4800: 'int' : forcing value to bool 'true' or 'false' (performance warning)
     1>c:\users\kamui\documents\visual studio 2010\projects\cs3201itr2\cs3201itr2\expressiontree.cpp(148): warning C4018: '<' : signed/unsigned mismatch
     1>c:\users\kamui\documents\visual studio 2010\projects\cs3201itr2\cs3201itr2\expressiontree.cpp(226): warning C4018: '<' : signed/unsigned mismatch
     1>c:\users\kamui\documents\visual studio 2010\projects\cs3201itr2\cs3201itr2\expressiontree.cpp(252): warning C4018: '<' : signed/unsigned mismatch
     1>c:\users\kamui\documents\visual studio 2010\projects\cs3201itr2\cs3201itr2\expressiontree.cpp(281): warning C4018: '<' : signed/unsigned mismatch
         ExpressionTable.cpp
     1>c:\users\kamui\documents\visual studio 2010\projects\cs3201itr2\cs3201itr2\expressiontable.cpp(15): warning C4018: '<' : signed/unsigned mismatch
         CallsTable.cpp
     1>c:\program files (x86)\microsoft visual studio 10.0\vc\include\xstring(1588): warning C4503: 'std::vector<_Ty,_Ax>::erase' : decorated name length exceeded, name was truncated
                 with
                 [
                     _Ty=std::_List_iterator<std::_List_val<std::pair<const std::string,std::set<std::pair<std::string,std::string>>>,std::allocator<std::pair<const std::string,std::set<std::pair<std::string,std::string>>>>>>,
                     _Ax=std::allocator<std::_List_iterator<std::_List_val<std::pair<const std::string,std::set<std::pair<std::string,std::string>>>,std::allocator<std::pair<const std::string,std::set<std::pair<std::string,std::string>>>>>>>
                 ]
     1>c:\program files (x86)\microsoft visual studio 10.0\vc\include\xstring(1588): warning C4503: 'std::vector<_Ty,_Ax>::_Make_iter' : decorated name length exceeded, name was truncated
                 with
                 [
                     _Ty=std::_List_iterator<std::_List_val<std::pair<const std::string,std::set<std::pair<std::string,std::string>>>,std::allocator<std::pair<const std::string,std::set<std::pair<std::string,std::string>>>>>>,
                     _Ax=std::allocator<std::_List_iterator<std::_List_val<std::pair<const std::string,std::set<std::pair<std::string,std::string>>>,std::allocator<std::pair<const std::string,std::set<std::pair<std::string,std::string>>>>>>>
                 ]
         CS3201Itr2.cpp
         AST.cpp
     1>c:\users\kamui\documents\visual studio 2010\projects\cs3201itr2\cs3201itr2\ast.cpp(151): warning C4482: nonstandard extension used: enum 'SyntType' used in qualified name
     1>c:\users\kamui\documents\visual studio 2010\projects\cs3201itr2\cs3201itr2\ast.cpp(179): warning C4018: '<' : signed/unsigned mismatch
     1>c:\users\kamui\documents\visual studio 2010\projects\cs3201itr2\cs3201itr2\ast.cpp(183): warning C4800: 'int' : forcing value to bool 'true' or 'false' (performance warning)
     1>c:\users\kamui\documents\visual studio 2010\projects\cs3201itr2\cs3201itr2\ast.cpp(419): warning C4018: '<' : signed/unsigned mismatch
       ManifestResourceCompile:
         All outputs are up-to-date.
       Link:
         c:\Program Files (x86)\Microsoft Visual Studio 10.0\VC\bin\link.exe /ERRORREPORT:PROMPT /OUT:"c:\users\kamui\documents\visual studio 2010\Projects\CS3201Itr2\Debug\CS3201Itr2.exe" /INCREMENTAL /NOLOGO kernel32.lib user32.lib gdi32.lib winspool.lib comdlg32.lib advapi32.lib shell32.lib ole32.lib oleaut32.lib uuid.lib odbc32.lib odbccp32.lib /MANIFEST /ManifestFile:"Debug\CS3201Itr2.exe.intermediate.manifest" /MANIFESTUAC:"level='asInvoker' uiAccess='false'" /DEBUG /PDB:"c:\users\kamui\documents\visual studio 2010\Projects\CS3201Itr2\Debug\CS3201Itr2.pdb" /SUBSYSTEM:CONSOLE /TLBID:1 /DYNAMICBASE /NXCOMPAT /IMPLIB:"c:\users\kamui\documents\visual studio 2010\Projects\CS3201Itr2\Debug\CS3201Itr2.lib" /MACHINE:X86 Debug\CS3201Itr2.exe.embed.manifest.res
         Debug\AST.obj
         Debug\CallsTable.obj
         Debug\CFG.obj
         Debug\CFGNode.obj
         Debug\CS3201Itr2.obj
         Debug\ExpressionTable.obj
         Debug\ExpressionTree.obj
         Debug\ModifiesTable.obj
         Debug\Node.obj
         Debug\ParamNode.obj
         Debug\ParentsTable.obj
         Debug\PKB.obj
         Debug\ProcedureTable.obj
         Debug\QueryEvaluator.obj
         Debug\QueryParser.obj
         Debug\QueryPart.obj
         Debug\SimpleParser.obj
         Debug\SPA.obj
         Debug\StatementTable.obj
         Debug\stdafx.obj
         Debug\Symbol.obj
         Debug\SynonymValues.obj
         Debug\Twin.obj
         Debug\UsesTable.obj
         Debug\VariableTable.obj
       Manifest:
         C:\Program Files (x86)\Microsoft SDKs\Windows\v7.0A\bin\mt.exe /nologo /verbose /out:"Debug\CS3201Itr2.exe.embed.manifest" /manifest Debug\CS3201Itr2.exe.intermediate.manifest
         All outputs are up-to-date.
       LinkEmbedManifest:
         All outputs are up-to-date.
         CS3201Itr2.vcxproj -> c:\users\kamui\documents\visual studio 2010\Projects\CS3201Itr2\Debug\CS3201Itr2.exe
       FinalizeBuildStatus:
         Deleting file "Debug\CS3201Itr2.unsuccessfulbuild".
         Touching "Debug\CS3201Itr2.lastbuildstate".
     1>Done Building Project "c:\Users\Kamui\documents\visual studio 2010\Projects\CS3201Itr2\CS3201Itr2\CS3201Itr2.vcxproj" (build target(s)).

Build succeeded.

Time Elapsed 00:00:19.09
